<?xml version="1.0" encoding="UTF-8"?>
<testsuite xmlns:xsi="http://www.w3.org/2001/XMLSchema-instance" xsi:noNamespaceSchemaLocation="https://maven.apache.org/surefire/maven-surefire-plugin/xsd/surefire-test-report.xsd" name="org.example.AppTest" time="0.077" tests="1" errors="0" skipped="0" failures="0">
  <properties>
    <property name="sun.desktop" value="windows"/>
    <property name="awt.toolkit" value="sun.awt.windows.WToolkit"/>
    <property name="file.encoding.pkg" value="sun.io"/>
    <property name="java.specification.version" value="1.8"/>
    <property name="sun.cpu.isalist" value="amd64"/>
    <property name="sun.jnu.encoding" value="GBK"/>
    <property name="java.class.path" value="F:\web-workspace\JetBrains-workspace-project\TToMusic\TToMusic\target\test-classes;F:\web-workspace\JetBrains-workspace-project\TToMusic\TToMusic\target\classes;F:\web-runtime\Maven\maven-m2-repository\junit\junit\4.11\junit-4.11.jar;F:\web-runtime\Maven\maven-m2-repository\org\hamcrest\hamcrest-core\1.3\hamcrest-core-1.3.jar;F:\web-runtime\Maven\maven-m2-repository\org\apache\httpcomponents\httpclient\4.5.5\httpclient-4.5.5.jar;F:\web-runtime\Maven\maven-m2-repository\org\apache\httpcomponents\httpcore\4.4.9\httpcore-4.4.9.jar;F:\web-runtime\Maven\maven-m2-repository\commons-logging\commons-logging\1.2\commons-logging-1.2.jar;F:\web-runtime\Maven\maven-m2-repository\commons-codec\commons-codec\1.10\commons-codec-1.10.jar;F:\web-runtime\Maven\maven-m2-repository\com\alibaba\fastjson\1.2.25\fastjson-1.2.25.jar;F:\web-runtime\Maven\maven-m2-repository\com\baidu\aip\java-sdk\4.11.0\java-sdk-4.11.0.jar;F:\web-runtime\Maven\maven-m2-repository\org\json\json\20160810\json-20160810.jar;F:\web-runtime\Maven\maven-m2-repository\org\slf4j\slf4j-simple\1.7.25\slf4j-simple-1.7.25.jar;F:\web-runtime\Maven\maven-m2-repository\org\apache\commons\commons-lang3\3.5\commons-lang3-3.5.jar;F:\web-runtime\Maven\maven-m2-repository\commons-io\commons-io\2.6\commons-io-2.6.jar;F:\web-runtime\Maven\maven-m2-repository\org\slf4j\slf4j-api\1.7.30\slf4j-api-1.7.30.jar;F:\web-runtime\Maven\maven-m2-repository\ch\qos\logback\logback-classic\1.2.3\logback-classic-1.2.3.jar;F:\web-runtime\Maven\maven-m2-repository\ch\qos\logback\logback-core\1.2.3\logback-core-1.2.3.jar;"/>
    <property name="java.vm.vendor" value="Oracle Corporation"/>
    <property name="sun.arch.data.model" value="64"/>
    <property name="user.variant" value=""/>
    <property name="java.vendor.url" value="http://java.oracle.com/"/>
    <property name="user.timezone" value="Asia/Shanghai"/>
    <property name="java.vm.specification.version" value="1.8"/>
    <property name="os.name" value="Windows 10"/>
    <property name="user.country" value="CN"/>
    <property name="sun.java.launcher" value="SUN_STANDARD"/>
    <property name="sun.boot.library.path" value="C:\Program Files\Java\jdk1.8.0_131\jre\bin"/>
    <property name="sun.java.command" value="C:\Users\ADMINI~1\AppData\Local\Temp\surefire9003507680837484838\surefirebooter2436661594550196240.jar C:\Users\Administrator\AppData\Local\Temp\surefire9003507680837484838 2020-03-26T23-29-06_712-jvmRun1 surefire8283697125249710148tmp surefire_0230023247687076522tmp"/>
    <property name="surefire.test.class.path" value="F:\web-workspace\JetBrains-workspace-project\TToMusic\TToMusic\target\test-classes;F:\web-workspace\JetBrains-workspace-project\TToMusic\TToMusic\target\classes;F:\web-runtime\Maven\maven-m2-repository\junit\junit\4.11\junit-4.11.jar;F:\web-runtime\Maven\maven-m2-repository\org\hamcrest\hamcrest-core\1.3\hamcrest-core-1.3.jar;F:\web-runtime\Maven\maven-m2-repository\org\apache\httpcomponents\httpclient\4.5.5\httpclient-4.5.5.jar;F:\web-runtime\Maven\maven-m2-repository\org\apache\httpcomponents\httpcore\4.4.9\httpcore-4.4.9.jar;F:\web-runtime\Maven\maven-m2-repository\commons-logging\commons-logging\1.2\commons-logging-1.2.jar;F:\web-runtime\Maven\maven-m2-repository\commons-codec\commons-codec\1.10\commons-codec-1.10.jar;F:\web-runtime\Maven\maven-m2-repository\com\alibaba\fastjson\1.2.25\fastjson-1.2.25.jar;F:\web-runtime\Maven\maven-m2-repository\com\baidu\aip\java-sdk\4.11.0\java-sdk-4.11.0.jar;F:\web-runtime\Maven\maven-m2-repository\org\json\json\20160810\json-20160810.jar;F:\web-runtime\Maven\maven-m2-repository\org\slf4j\slf4j-simple\1.7.25\slf4j-simple-1.7.25.jar;F:\web-runtime\Maven\maven-m2-repository\org\apache\commons\commons-lang3\3.5\commons-lang3-3.5.jar;F:\web-runtime\Maven\maven-m2-repository\commons-io\commons-io\2.6\commons-io-2.6.jar;F:\web-runtime\Maven\maven-m2-repository\org\slf4j\slf4j-api\1.7.30\slf4j-api-1.7.30.jar;F:\web-runtime\Maven\maven-m2-repository\ch\qos\logback\logback-classic\1.2.3\logback-classic-1.2.3.jar;F:\web-runtime\Maven\maven-m2-repository\ch\qos\logback\logback-core\1.2.3\logback-core-1.2.3.jar;"/>
    <property name="sun.cpu.endian" value="little"/>
    <property name="user.home" value="C:\Users\Administrator"/>
    <property name="user.language" value="zh"/>
    <property name="java.specification.vendor" value="Oracle Corporation"/>
    <property name="java.home" value="C:\Program Files\Java\jdk1.8.0_131\jre"/>
    <property name="basedir" value="F:\web-workspace\JetBrains-workspace-project\TToMusic\TToMusic"/>
    <property name="file.separator" value="\"/>
    <property name="line.separator" value="&#10;"/>
    <property name="java.vm.specification.vendor" value="Oracle Corporation"/>
    <property name="java.specification.name" value="Java Platform API Specification"/>
    <property name="java.awt.graphicsenv" value="sun.awt.Win32GraphicsEnvironment"/>
    <property name="surefire.real.class.path" value="C:\Users\ADMINI~1\AppData\Local\Temp\surefire9003507680837484838\surefirebooter2436661594550196240.jar"/>
    <property name="sun.boot.class.path" value="C:\Program Files\Java\jdk1.8.0_131\jre\lib\resources.jar;C:\Program Files\Java\jdk1.8.0_131\jre\lib\rt.jar;C:\Program Files\Java\jdk1.8.0_131\jre\lib\sunrsasign.jar;C:\Program Files\Java\jdk1.8.0_131\jre\lib\jsse.jar;C:\Program Files\Java\jdk1.8.0_131\jre\lib\jce.jar;C:\Program Files\Java\jdk1.8.0_131\jre\lib\charsets.jar;C:\Program Files\Java\jdk1.8.0_131\jre\lib\jfr.jar;C:\Program Files\Java\jdk1.8.0_131\jre\classes"/>
    <property name="user.script" value=""/>
    <property name="sun.management.compiler" value="HotSpot 64-Bit Tiered Compilers"/>
    <property name="java.runtime.version" value="1.8.0_131-b11"/>
    <property name="user.name" value="Administrator"/>
    <property name="path.separator" value=";"/>
    <property name="os.version" value="10.0"/>
    <property name="java.endorsed.dirs" value="C:\Program Files\Java\jdk1.8.0_131\jre\lib\endorsed"/>
    <property name="java.runtime.name" value="Java(TM) SE Runtime Environment"/>
    <property name="file.encoding" value="GBK"/>
    <property name="java.vm.name" value="Java HotSpot(TM) 64-Bit Server VM"/>
    <property name="localRepository" value="F:\web-runtime\Maven\maven-m2-repository"/>
    <property name="java.vendor.url.bug" value="http://bugreport.sun.com/bugreport/"/>
    <property name="java.io.tmpdir" value="C:\Users\ADMINI~1\AppData\Local\Temp\"/>
    <property name="java.version" value="1.8.0_131"/>
    <property name="user.dir" value="F:\web-workspace\JetBrains-workspace-project\TToMusic\TToMusic"/>
    <property name="os.arch" value="amd64"/>
    <property name="java.vm.specification.name" value="Java Virtual Machine Specification"/>
    <property name="java.awt.printerjob" value="sun.awt.windows.WPrinterJob"/>
    <property name="sun.os.patch.level" value=""/>
    <property name="idea.version2019.3.3" value="true"/>
    <property name="java.library.path" value="C:\Program Files\Java\jdk1.8.0_131\jre\bin;C:\Windows\Sun\Java\bin;C:\Windows\system32;C:\Windows;C:\Windows\system32;C:\Windows;C:\Windows\System32\Wbem;C:\Windows\System32\WindowsPowerShell\v1.0\;C:\Program Files\Java\jdk1.8.0_131\bin;F:\web-runtime\Maven\apache-maven-3.5.0\bin;F:\web-runtime\groovy-2.4.15\bin;F:\web-runtime\nodejs\;F:\web-runtime\Git\cmd;F:\web-runtime\gradle-3.2.1\bin;C:\Users\Administrator\AppData\Local\Programs\Python\Python37\Scripts\;C:\Users\Administrator\AppData\Local\Programs\Python\Python37\;C:\Users\Administrator\AppData\Local\Microsoft\WindowsApps;C:\Users\Administrator\AppData\Roaming\npm;."/>
    <property name="java.vm.info" value="mixed mode"/>
    <property name="java.vendor" value="Oracle Corporation"/>
    <property name="java.vm.version" value="25.131-b11"/>
    <property name="java.ext.dirs" value="C:\Program Files\Java\jdk1.8.0_131\jre\lib\ext;C:\Windows\Sun\Java\lib\ext"/>
    <property name="sun.io.unicode.encoding" value="UnicodeLittle"/>
    <property name="java.class.version" value="52.0"/>
  </properties>
  <testcase name="shouldAnswerWithTrue" classname="org.example.AppTest" time="0.002"/>
</testsuite>